[2023-05-22 16:09:12.200 INFO  restartedMain] [com.example.board7.Board7Application] Starting Board7Application using Java 17.0.7 with PID 1364 (D:\Spring1\Board7\target\classes started by Administrator in D:\Spring1\Board7)
[2023-05-22 16:09:12.202 INFO  restartedMain] [com.example.board7.Board7Application] No active profile set, falling back to 1 default profile: "default"
[2023-05-22 16:09:12.232 INFO  restartedMain] [org.springframework.boot.devtools.env.DevToolsPropertyDefaultsPostProcessor] Devtools property defaults active! Set 'spring.devtools.add-properties' to 'false' to disable
[2023-05-22 16:09:12.232 INFO  restartedMain] [org.springframework.boot.devtools.env.DevToolsPropertyDefaultsPostProcessor] For additional web related logging consider setting the 'logging.level.web' property to 'DEBUG'
[2023-05-22 16:09:12.909 INFO  restartedMain] [org.springframework.boot.web.embedded.tomcat.TomcatWebServer] Tomcat initialized with port(s): 8080 (http)
[2023-05-22 16:09:12.915 INFO  restartedMain] [org.apache.coyote.http11.Http11NioProtocol] Initializing ProtocolHandler ["http-nio-8080"]
[2023-05-22 16:09:12.915 INFO  restartedMain] [org.apache.catalina.core.StandardService] Starting service [Tomcat]
[2023-05-22 16:09:12.915 INFO  restartedMain] [org.apache.catalina.core.StandardEngine] Starting Servlet engine: [Apache Tomcat/10.1.8]
[2023-05-22 16:09:12.952 INFO  restartedMain] [org.apache.catalina.core.ContainerBase.[Tomcat].[localhost].[/]] Initializing Spring embedded WebApplicationContext
[2023-05-22 16:09:12.952 INFO  restartedMain] [org.springframework.boot.web.servlet.context.ServletWebServerApplicationContext] Root WebApplicationContext: initialization completed in 720 ms
[2023-05-22 16:09:13.369 INFO  restartedMain] [org.springframework.boot.devtools.autoconfigure.OptionalLiveReloadServer] LiveReload server is running on port 35729
[2023-05-22 16:09:13.380 INFO  restartedMain] [org.apache.coyote.http11.Http11NioProtocol] Starting ProtocolHandler ["http-nio-8080"]
[2023-05-22 16:09:13.392 INFO  restartedMain] [org.springframework.boot.web.embedded.tomcat.TomcatWebServer] Tomcat started on port(s): 8080 (http) with context path ''
[2023-05-22 16:09:13.398 INFO  restartedMain] [com.example.board7.Board7Application] Started Board7Application in 1.526 seconds (process running for 1.933)
[2023-05-22 16:09:18.358 INFO  restartedMain] [com.example.board7.Board7Application] Starting Board7Application using Java 17.0.7 with PID 2152 (D:\Spring1\Board7\target\classes started by Administrator in D:\Spring1\Board7)
[2023-05-22 16:09:18.359 INFO  restartedMain] [com.example.board7.Board7Application] No active profile set, falling back to 1 default profile: "default"
[2023-05-22 16:09:18.387 INFO  restartedMain] [org.springframework.boot.devtools.env.DevToolsPropertyDefaultsPostProcessor] Devtools property defaults active! Set 'spring.devtools.add-properties' to 'false' to disable
[2023-05-22 16:09:18.388 INFO  restartedMain] [org.springframework.boot.devtools.env.DevToolsPropertyDefaultsPostProcessor] For additional web related logging consider setting the 'logging.level.web' property to 'DEBUG'
[2023-05-22 16:09:19.071 INFO  restartedMain] [org.springframework.boot.web.embedded.tomcat.TomcatWebServer] Tomcat initialized with port(s): 8080 (http)
[2023-05-22 16:09:19.076 INFO  restartedMain] [org.apache.coyote.http11.Http11NioProtocol] Initializing ProtocolHandler ["http-nio-8080"]
[2023-05-22 16:09:19.077 INFO  restartedMain] [org.apache.catalina.core.StandardService] Starting service [Tomcat]
[2023-05-22 16:09:19.077 INFO  restartedMain] [org.apache.catalina.core.StandardEngine] Starting Servlet engine: [Apache Tomcat/10.1.8]
[2023-05-22 16:09:19.113 INFO  restartedMain] [org.apache.catalina.core.ContainerBase.[Tomcat].[localhost].[/]] Initializing Spring embedded WebApplicationContext
[2023-05-22 16:09:19.113 INFO  restartedMain] [org.springframework.boot.web.servlet.context.ServletWebServerApplicationContext] Root WebApplicationContext: initialization completed in 725 ms
[2023-05-22 16:09:19.520 INFO  restartedMain] [org.springframework.boot.devtools.autoconfigure.OptionalLiveReloadServer] LiveReload server is running on port 35729
[2023-05-22 16:09:19.531 INFO  restartedMain] [org.apache.coyote.http11.Http11NioProtocol] Starting ProtocolHandler ["http-nio-8080"]
[2023-05-22 16:09:19.543 INFO  restartedMain] [org.springframework.boot.web.embedded.tomcat.TomcatWebServer] Tomcat started on port(s): 8080 (http) with context path ''
[2023-05-22 16:09:19.549 INFO  restartedMain] [com.example.board7.Board7Application] Started Board7Application in 1.523 seconds (process running for 1.871)
[2023-05-22 16:40:33.416 INFO  main] [com.example.board7.Board7ApplicationTests] Starting Board7ApplicationTests using Java 17.0.7 with PID 4260 (started by Administrator in D:\Spring1\Board7)
[2023-05-22 16:40:33.417 INFO  main] [com.example.board7.Board7ApplicationTests] No active profile set, falling back to 1 default profile: "default"
[2023-05-22 16:40:35.014 INFO  main] [com.example.board7.Board7ApplicationTests] Started Board7ApplicationTests in 2.174 seconds (process running for 3.28)
[2023-05-22 16:49:46.850 INFO  main] [com.example.board7.Board7ApplicationTests] Starting Board7ApplicationTests using Java 17.0.7 with PID 1488 (started by Administrator in D:\Spring1\Board7)
[2023-05-22 16:49:46.851 INFO  main] [com.example.board7.Board7ApplicationTests] No active profile set, falling back to 1 default profile: "default"
[2023-05-22 16:49:48.042 INFO  main] [com.example.board7.Board7ApplicationTests] Started Board7ApplicationTests in 1.481 seconds (process running for 2.145)
[2023-05-22 16:54:34.721 INFO  main] [com.example.board7.Board7ApplicationTests] Starting Board7ApplicationTests using Java 17.0.7 with PID 6876 (started by Administrator in D:\Spring1\Board7)
[2023-05-22 16:54:34.722 INFO  main] [com.example.board7.Board7ApplicationTests] No active profile set, falling back to 1 default profile: "default"
[2023-05-22 16:54:35.993 INFO  main] [com.example.board7.Board7ApplicationTests] Started Board7ApplicationTests in 1.567 seconds (process running for 2.246)
[2023-05-22 16:55:22.761 INFO  main] [com.example.board7.Board7ApplicationTests] Starting Board7ApplicationTests using Java 17.0.7 with PID 4688 (started by Administrator in D:\Spring1\Board7)
[2023-05-22 16:55:22.762 INFO  main] [com.example.board7.Board7ApplicationTests] No active profile set, falling back to 1 default profile: "default"
[2023-05-22 16:55:23.945 INFO  main] [com.example.board7.Board7ApplicationTests] Started Board7ApplicationTests in 1.485 seconds (process running for 2.143)
